<?xml version="1.0" encoding="UTF-8"?>
<!-- Generated by org.testng.reporters.JUnitXMLReporter -->
<testsuite hostname="DESKTOP-LCI2JQ2" name="Default test" tests="3" failures="0" timestamp="25 Dec 2020 14:49:03 GMT" time="93.199" errors="0">
  <testcase name="test_Home_Page_Appear_Correct1" time="33.925" classname="com.mercury.tours.test.SmokeQSBTest"/>
  <testcase name="test_Home_Page_Appear_Correct2" time="30.65" classname="com.mercury.tours.test.SmokeQSBTest"/>
  <testcase name="test_Home_Page_Appear_Correct3" time="28.537" classname="com.mercury.tours.test.SmokeQSBTest"/>
</testsuite> <!-- Default test -->
